<?xml version="1.0" encoding="UTF-8"?>
<!-- Generated by org.testng.reporters.JUnitXMLReporter -->
<testsuite hostname="DESKTOP-EEDU624" ignored="0" name="Default test" tests="3" failures="0" timestamp="12 Oct 2022 10:01:02 GMT" time="42.059" errors="0">
  <testcase name="test1" time="14.226" classname="com.sample.SampleProject2"/>
  <testcase name="test1" time="10.972" classname="com.sample.SampleProject2"/>
  <testcase name="test1" time="16.692" classname="com.sample.SampleProject2"/>
</testsuite> <!-- Default test -->
