<?xml version="1.0" encoding="UTF-8"?>
<testng-results skipped="0" failed="0" ignored="0" total="3" passed="3">
  <reporter-output>
  </reporter-output>
  <suite name="Default suite" duration-ms="42059" started-at="2022-10-12T10:00:20Z" finished-at="2022-10-12T10:01:02Z">
    <groups>
    </groups>
    <test name="Default test" duration-ms="42059" started-at="2022-10-12T10:00:20Z" finished-at="2022-10-12T10:01:02Z">
      <class name="com.sample.SampleProject2">
        <test-method status="PASS" signature="test1(java.lang.String, java.lang.String)[pri:0, instance:com.sample.SampleProject2@402a079c]" name="test1" duration-ms="14226" started-at="2022-10-12T10:00:20Z" data-provider="testData" finished-at="2022-10-12T10:00:35Z">
          <params>
            <param index="0">
              <value>
                <![CDATA[greens01@gmail.com]]>
              </value>
            </param>
            <param index="1">
              <value>
                <![CDATA[65532846]]>
              </value>
            </param>
          </params>
          <reporter-output>
          </reporter-output>
        </test-method> <!-- test1 -->
        <test-method status="PASS" signature="test1(java.lang.String, java.lang.String)[pri:0, instance:com.sample.SampleProject2@402a079c]" name="test1" duration-ms="10972" started-at="2022-10-12T10:00:35Z" data-provider="testData" finished-at="2022-10-12T10:00:46Z">
          <params>
            <param index="0">
              <value>
                <![CDATA[greens02@gmail.com]]>
              </value>
            </param>
            <param index="1">
              <value>
                <![CDATA[9282938]]>
              </value>
            </param>
          </params>
          <reporter-output>
          </reporter-output>
        </test-method> <!-- test1 -->
        <test-method status="PASS" signature="test1(java.lang.String, java.lang.String)[pri:0, instance:com.sample.SampleProject2@402a079c]" name="test1" duration-ms="16692" started-at="2022-10-12T10:00:46Z" data-provider="testData" finished-at="2022-10-12T10:01:02Z">
          <params>
            <param index="0">
              <value>
                <![CDATA[greens03@gmail.com]]>
              </value>
            </param>
            <param index="1">
              <value>
                <![CDATA[64564566]]>
              </value>
            </param>
          </params>
          <reporter-output>
          </reporter-output>
        </test-method> <!-- test1 -->
      </class> <!-- com.sample.SampleProject2 -->
    </test> <!-- Default test -->
  </suite> <!-- Default suite -->
</testng-results>
